INFO:root:dv/dt = c1*v*(a - v)*(v - 1) - c2*w
INFO:root:dw/dt = b*(-d*w + v)
INFO:root:Аналітичне рішення для v: [a/3 - (-3*a + (-a - 1)**2)/(3*(-a*(-9*a - 9)/2 + (-a - 1)**3 + sqrt(-4*(-3*a + (-a - 1)**2)**3 + (-a*(-9*a - 9) + 2*(-a - 1)**3 + 27*c2*w/c1)**2)/2 + 27*c2*w/(2*c1))**(1/3)) - (-a*(-9*a - 9)/2 + (-a - 1)**3 + sqrt(-4*(-3*a + (-a - 1)**2)**3 + (-a*(-9*a - 9) + 2*(-a - 1)**3 + 27*c2*w/c1)**2)/2 + 27*c2*w/(2*c1))**(1/3)/3 + 1/3, a/3 - (-3*a + (-a - 1)**2)/(3*(-1/2 - sqrt(3)*I/2)*(-a*(-9*a - 9)/2 + (-a - 1)**3 + sqrt(-4*(-3*a + (-a - 1)**2)**3 + (-a*(-9*a - 9) + 2*(-a - 1)**3 + 27*c2*w/c1)**2)/2 + 27*c2*w/(2*c1))**(1/3)) - (-1/2 - sqrt(3)*I/2)*(-a*(-9*a - 9)/2 + (-a - 1)**3 + sqrt(-4*(-3*a + (-a - 1)**2)**3 + (-a*(-9*a - 9) + 2*(-a - 1)**3 + 27*c2*w/c1)**2)/2 + 27*c2*w/(2*c1))**(1/3)/3 + 1/3, a/3 - (-3*a + (-a - 1)**2)/(3*(-1/2 + sqrt(3)*I/2)*(-a*(-9*a - 9)/2 + (-a - 1)**3 + sqrt(-4*(-3*a + (-a - 1)**2)**3 + (-a*(-9*a - 9) + 2*(-a - 1)**3 + 27*c2*w/c1)**2)/2 + 27*c2*w/(2*c1))**(1/3)) - (-1/2 + sqrt(3)*I/2)*(-a*(-9*a - 9)/2 + (-a - 1)**3 + sqrt(-4*(-3*a + (-a - 1)**2)**3 + (-a*(-9*a - 9) + 2*(-a - 1)**3 + 27*c2*w/c1)**2)/2 + 27*c2*w/(2*c1))**(1/3)/3 + 1/3]
INFO:root:Аналітичне рішення для w: [v/d]
INFO:root:Final v: 0.740071 
Final w: 1.014833
INFO:root:Final v: 0.740071 
Final w: 1.014833
INFO:root:Final v: 0.740045 
Final w: 1.014870
INFO:root:Final v: 0.739791 
Final w: 1.015236
INFO:root:dv/dt = c1*v*(a - v)*(v - 1) - c2*w
INFO:root:dw/dt = b*(-d*w + v)
INFO:root:Аналітичне рішення для v: [a/3 - (-3*a + (-a - 1)**2)/(3*(-a*(-9*a - 9)/2 + (-a - 1)**3 + sqrt(-4*(-3*a + (-a - 1)**2)**3 + (-a*(-9*a - 9) + 2*(-a - 1)**3 + 27*c2*w/c1)**2)/2 + 27*c2*w/(2*c1))**(1/3)) - (-a*(-9*a - 9)/2 + (-a - 1)**3 + sqrt(-4*(-3*a + (-a - 1)**2)**3 + (-a*(-9*a - 9) + 2*(-a - 1)**3 + 27*c2*w/c1)**2)/2 + 27*c2*w/(2*c1))**(1/3)/3 + 1/3, a/3 - (-3*a + (-a - 1)**2)/(3*(-1/2 - sqrt(3)*I/2)*(-a*(-9*a - 9)/2 + (-a - 1)**3 + sqrt(-4*(-3*a + (-a - 1)**2)**3 + (-a*(-9*a - 9) + 2*(-a - 1)**3 + 27*c2*w/c1)**2)/2 + 27*c2*w/(2*c1))**(1/3)) - (-1/2 - sqrt(3)*I/2)*(-a*(-9*a - 9)/2 + (-a - 1)**3 + sqrt(-4*(-3*a + (-a - 1)**2)**3 + (-a*(-9*a - 9) + 2*(-a - 1)**3 + 27*c2*w/c1)**2)/2 + 27*c2*w/(2*c1))**(1/3)/3 + 1/3, a/3 - (-3*a + (-a - 1)**2)/(3*(-1/2 + sqrt(3)*I/2)*(-a*(-9*a - 9)/2 + (-a - 1)**3 + sqrt(-4*(-3*a + (-a - 1)**2)**3 + (-a*(-9*a - 9) + 2*(-a - 1)**3 + 27*c2*w/c1)**2)/2 + 27*c2*w/(2*c1))**(1/3)) - (-1/2 + sqrt(3)*I/2)*(-a*(-9*a - 9)/2 + (-a - 1)**3 + sqrt(-4*(-3*a + (-a - 1)**2)**3 + (-a*(-9*a - 9) + 2*(-a - 1)**3 + 27*c2*w/c1)**2)/2 + 27*c2*w/(2*c1))**(1/3)/3 + 1/3]
INFO:root:Аналітичне рішення для w: [v/d]
INFO:root:Final v: 0.740071 
Final w: 1.014833
INFO:root:Final v: 0.740071 
Final w: 1.014833
INFO:root:Final v: 0.740045 
Final w: 1.014870
INFO:root:Final v: 0.739791 
Final w: 1.015236
INFO:root:dv/dt = c1*v*(a - v)*(v - 1) - c2*w
INFO:root:dw/dt = b*(-d*w + v)
INFO:root:Аналітичне рішення для v: [a/3 - (-3*a + (-a - 1)**2)/(3*(-a*(-9*a - 9)/2 + (-a - 1)**3 + sqrt(-4*(-3*a + (-a - 1)**2)**3 + (-a*(-9*a - 9) + 2*(-a - 1)**3 + 27*c2*w/c1)**2)/2 + 27*c2*w/(2*c1))**(1/3)) - (-a*(-9*a - 9)/2 + (-a - 1)**3 + sqrt(-4*(-3*a + (-a - 1)**2)**3 + (-a*(-9*a - 9) + 2*(-a - 1)**3 + 27*c2*w/c1)**2)/2 + 27*c2*w/(2*c1))**(1/3)/3 + 1/3, a/3 - (-3*a + (-a - 1)**2)/(3*(-1/2 - sqrt(3)*I/2)*(-a*(-9*a - 9)/2 + (-a - 1)**3 + sqrt(-4*(-3*a + (-a - 1)**2)**3 + (-a*(-9*a - 9) + 2*(-a - 1)**3 + 27*c2*w/c1)**2)/2 + 27*c2*w/(2*c1))**(1/3)) - (-1/2 - sqrt(3)*I/2)*(-a*(-9*a - 9)/2 + (-a - 1)**3 + sqrt(-4*(-3*a + (-a - 1)**2)**3 + (-a*(-9*a - 9) + 2*(-a - 1)**3 + 27*c2*w/c1)**2)/2 + 27*c2*w/(2*c1))**(1/3)/3 + 1/3, a/3 - (-3*a + (-a - 1)**2)/(3*(-1/2 + sqrt(3)*I/2)*(-a*(-9*a - 9)/2 + (-a - 1)**3 + sqrt(-4*(-3*a + (-a - 1)**2)**3 + (-a*(-9*a - 9) + 2*(-a - 1)**3 + 27*c2*w/c1)**2)/2 + 27*c2*w/(2*c1))**(1/3)) - (-1/2 + sqrt(3)*I/2)*(-a*(-9*a - 9)/2 + (-a - 1)**3 + sqrt(-4*(-3*a + (-a - 1)**2)**3 + (-a*(-9*a - 9) + 2*(-a - 1)**3 + 27*c2*w/c1)**2)/2 + 27*c2*w/(2*c1))**(1/3)/3 + 1/3]
INFO:root:Аналітичне рішення для w: [v/d]
INFO:root:Final v: 0.740071 
Final w: 1.014833
INFO:root:Final v: 0.740071 
Final w: 1.014833
INFO:root:Final v: 0.740045 
Final w: 1.014870
INFO:root:Final v: 0.739791 
Final w: 1.015236
INFO:root:dv/dt = c1*v*(a - v)*(v - 1) - c2*w
INFO:root:dw/dt = b*(-d*w + v)
INFO:root:Аналітичне рішення для v: [a/3 - (-3*a + (-a - 1)**2)/(3*(-a*(-9*a - 9)/2 + (-a - 1)**3 + sqrt(-4*(-3*a + (-a - 1)**2)**3 + (-a*(-9*a - 9) + 2*(-a - 1)**3 + 27*c2*w/c1)**2)/2 + 27*c2*w/(2*c1))**(1/3)) - (-a*(-9*a - 9)/2 + (-a - 1)**3 + sqrt(-4*(-3*a + (-a - 1)**2)**3 + (-a*(-9*a - 9) + 2*(-a - 1)**3 + 27*c2*w/c1)**2)/2 + 27*c2*w/(2*c1))**(1/3)/3 + 1/3, a/3 - (-3*a + (-a - 1)**2)/(3*(-1/2 - sqrt(3)*I/2)*(-a*(-9*a - 9)/2 + (-a - 1)**3 + sqrt(-4*(-3*a + (-a - 1)**2)**3 + (-a*(-9*a - 9) + 2*(-a - 1)**3 + 27*c2*w/c1)**2)/2 + 27*c2*w/(2*c1))**(1/3)) - (-1/2 - sqrt(3)*I/2)*(-a*(-9*a - 9)/2 + (-a - 1)**3 + sqrt(-4*(-3*a + (-a - 1)**2)**3 + (-a*(-9*a - 9) + 2*(-a - 1)**3 + 27*c2*w/c1)**2)/2 + 27*c2*w/(2*c1))**(1/3)/3 + 1/3, a/3 - (-3*a + (-a - 1)**2)/(3*(-1/2 + sqrt(3)*I/2)*(-a*(-9*a - 9)/2 + (-a - 1)**3 + sqrt(-4*(-3*a + (-a - 1)**2)**3 + (-a*(-9*a - 9) + 2*(-a - 1)**3 + 27*c2*w/c1)**2)/2 + 27*c2*w/(2*c1))**(1/3)) - (-1/2 + sqrt(3)*I/2)*(-a*(-9*a - 9)/2 + (-a - 1)**3 + sqrt(-4*(-3*a + (-a - 1)**2)**3 + (-a*(-9*a - 9) + 2*(-a - 1)**3 + 27*c2*w/c1)**2)/2 + 27*c2*w/(2*c1))**(1/3)/3 + 1/3]
INFO:root:Аналітичне рішення для w: [v/d]
INFO:root:Final v: 0.740071 
Final w: 1.014833
INFO:root:Final v: 0.740071 
Final w: 1.014833
INFO:root:Final v: 0.740045 
Final w: 1.014870
INFO:root:Final v: 0.739791 
Final w: 1.015236
INFO:root:dv/dt = c1*v*(a - v)*(v - 1) - c2*w
INFO:root:dw/dt = b*(-d*w + v)
INFO:root:Аналітичне рішення для v: [a/3 - (-3*a + (-a - 1)**2)/(3*(-a*(-9*a - 9)/2 + (-a - 1)**3 + sqrt(-4*(-3*a + (-a - 1)**2)**3 + (-a*(-9*a - 9) + 2*(-a - 1)**3 + 27*c2*w/c1)**2)/2 + 27*c2*w/(2*c1))**(1/3)) - (-a*(-9*a - 9)/2 + (-a - 1)**3 + sqrt(-4*(-3*a + (-a - 1)**2)**3 + (-a*(-9*a - 9) + 2*(-a - 1)**3 + 27*c2*w/c1)**2)/2 + 27*c2*w/(2*c1))**(1/3)/3 + 1/3, a/3 - (-3*a + (-a - 1)**2)/(3*(-1/2 - sqrt(3)*I/2)*(-a*(-9*a - 9)/2 + (-a - 1)**3 + sqrt(-4*(-3*a + (-a - 1)**2)**3 + (-a*(-9*a - 9) + 2*(-a - 1)**3 + 27*c2*w/c1)**2)/2 + 27*c2*w/(2*c1))**(1/3)) - (-1/2 - sqrt(3)*I/2)*(-a*(-9*a - 9)/2 + (-a - 1)**3 + sqrt(-4*(-3*a + (-a - 1)**2)**3 + (-a*(-9*a - 9) + 2*(-a - 1)**3 + 27*c2*w/c1)**2)/2 + 27*c2*w/(2*c1))**(1/3)/3 + 1/3, a/3 - (-3*a + (-a - 1)**2)/(3*(-1/2 + sqrt(3)*I/2)*(-a*(-9*a - 9)/2 + (-a - 1)**3 + sqrt(-4*(-3*a + (-a - 1)**2)**3 + (-a*(-9*a - 9) + 2*(-a - 1)**3 + 27*c2*w/c1)**2)/2 + 27*c2*w/(2*c1))**(1/3)) - (-1/2 + sqrt(3)*I/2)*(-a*(-9*a - 9)/2 + (-a - 1)**3 + sqrt(-4*(-3*a + (-a - 1)**2)**3 + (-a*(-9*a - 9) + 2*(-a - 1)**3 + 27*c2*w/c1)**2)/2 + 27*c2*w/(2*c1))**(1/3)/3 + 1/3]
INFO:root:Аналітичне рішення для w: [v/d]
INFO:root:Final v: 0.740071 
Final w: 1.014833
INFO:root:Final v: 0.740071 
Final w: 1.014833
INFO:root:Final v: 0.740045 
Final w: 1.014870
INFO:root:Final v: 0.739791 
Final w: 1.015236
INFO:root:dv/dt = c1*v*(a - v)*(v - 1) - c2*w
INFO:root:dw/dt = b*(-d*w + v)
INFO:root:Аналітичне рішення для v: [a/3 - (-3*a + (-a - 1)**2)/(3*(-a*(-9*a - 9)/2 + (-a - 1)**3 + sqrt(-4*(-3*a + (-a - 1)**2)**3 + (-a*(-9*a - 9) + 2*(-a - 1)**3 + 27*c2*w/c1)**2)/2 + 27*c2*w/(2*c1))**(1/3)) - (-a*(-9*a - 9)/2 + (-a - 1)**3 + sqrt(-4*(-3*a + (-a - 1)**2)**3 + (-a*(-9*a - 9) + 2*(-a - 1)**3 + 27*c2*w/c1)**2)/2 + 27*c2*w/(2*c1))**(1/3)/3 + 1/3, a/3 - (-3*a + (-a - 1)**2)/(3*(-1/2 - sqrt(3)*I/2)*(-a*(-9*a - 9)/2 + (-a - 1)**3 + sqrt(-4*(-3*a + (-a - 1)**2)**3 + (-a*(-9*a - 9) + 2*(-a - 1)**3 + 27*c2*w/c1)**2)/2 + 27*c2*w/(2*c1))**(1/3)) - (-1/2 - sqrt(3)*I/2)*(-a*(-9*a - 9)/2 + (-a - 1)**3 + sqrt(-4*(-3*a + (-a - 1)**2)**3 + (-a*(-9*a - 9) + 2*(-a - 1)**3 + 27*c2*w/c1)**2)/2 + 27*c2*w/(2*c1))**(1/3)/3 + 1/3, a/3 - (-3*a + (-a - 1)**2)/(3*(-1/2 + sqrt(3)*I/2)*(-a*(-9*a - 9)/2 + (-a - 1)**3 + sqrt(-4*(-3*a + (-a - 1)**2)**3 + (-a*(-9*a - 9) + 2*(-a - 1)**3 + 27*c2*w/c1)**2)/2 + 27*c2*w/(2*c1))**(1/3)) - (-1/2 + sqrt(3)*I/2)*(-a*(-9*a - 9)/2 + (-a - 1)**3 + sqrt(-4*(-3*a + (-a - 1)**2)**3 + (-a*(-9*a - 9) + 2*(-a - 1)**3 + 27*c2*w/c1)**2)/2 + 27*c2*w/(2*c1))**(1/3)/3 + 1/3]
INFO:root:Аналітичне рішення для w: [v/d]
INFO:root:Final v: 0.740071 
Final w: 1.014833
INFO:root:Final v: 0.740071 
Final w: 1.014833
INFO:root:Final v: 0.740045 
Final w: 1.014870
INFO:root:Final v: 0.739791 
Final w: 1.015236
INFO:root:dv/dt = c1*v*(a - v)*(v - 1) - c2*w
INFO:root:dw/dt = b*(-d*w + v)
INFO:root:Аналітичне рішення для v: [a/3 - (-3*a + (-a - 1)**2)/(3*(-a*(-9*a - 9)/2 + (-a - 1)**3 + sqrt(-4*(-3*a + (-a - 1)**2)**3 + (-a*(-9*a - 9) + 2*(-a - 1)**3 + 27*c2*w/c1)**2)/2 + 27*c2*w/(2*c1))**(1/3)) - (-a*(-9*a - 9)/2 + (-a - 1)**3 + sqrt(-4*(-3*a + (-a - 1)**2)**3 + (-a*(-9*a - 9) + 2*(-a - 1)**3 + 27*c2*w/c1)**2)/2 + 27*c2*w/(2*c1))**(1/3)/3 + 1/3, a/3 - (-3*a + (-a - 1)**2)/(3*(-1/2 - sqrt(3)*I/2)*(-a*(-9*a - 9)/2 + (-a - 1)**3 + sqrt(-4*(-3*a + (-a - 1)**2)**3 + (-a*(-9*a - 9) + 2*(-a - 1)**3 + 27*c2*w/c1)**2)/2 + 27*c2*w/(2*c1))**(1/3)) - (-1/2 - sqrt(3)*I/2)*(-a*(-9*a - 9)/2 + (-a - 1)**3 + sqrt(-4*(-3*a + (-a - 1)**2)**3 + (-a*(-9*a - 9) + 2*(-a - 1)**3 + 27*c2*w/c1)**2)/2 + 27*c2*w/(2*c1))**(1/3)/3 + 1/3, a/3 - (-3*a + (-a - 1)**2)/(3*(-1/2 + sqrt(3)*I/2)*(-a*(-9*a - 9)/2 + (-a - 1)**3 + sqrt(-4*(-3*a + (-a - 1)**2)**3 + (-a*(-9*a - 9) + 2*(-a - 1)**3 + 27*c2*w/c1)**2)/2 + 27*c2*w/(2*c1))**(1/3)) - (-1/2 + sqrt(3)*I/2)*(-a*(-9*a - 9)/2 + (-a - 1)**3 + sqrt(-4*(-3*a + (-a - 1)**2)**3 + (-a*(-9*a - 9) + 2*(-a - 1)**3 + 27*c2*w/c1)**2)/2 + 27*c2*w/(2*c1))**(1/3)/3 + 1/3]
INFO:root:Аналітичне рішення для w: [v/d]
INFO:root:Final v: 0.740071 
Final w: 1.014833
INFO:root:Final v: 0.740071 
Final w: 1.014833
INFO:root:Final v: 0.740045 
Final w: 1.014870
INFO:root:Final v: 0.739791 
Final w: 1.015236
INFO:root:Final v: 0.516545 
Final w: 1.046591
INFO:root:Final v: 0.499195 
Final w: 1.051668
INFO:root:Final v: 0.549896 
Final w: 1.065258
INFO:root:Final v: 0.616523 
Final w: 1.074109
INFO:root:Final v: 0.678702 
Final w: 1.063267
INFO:root:Final v: 0.739791 
Final w: 1.015236
INFO:root:Final v: 0.806527 
Final w: 0.899264
INFO:root:Final v: 0.885790 
Final w: 0.653351
INFO:root:Final v: 0.905711 
Final w: 0.149130
INFO:root:Final v: -0.021696 
Final w: -0.092983
INFO:root:Final v: -0.179454 
Final w: -0.030265
INFO:root:dv/dt = c1*v*(a - v)*(v - 1) - c2*w
INFO:root:dw/dt = b*(-d*w + v)
INFO:root:Аналітичне рішення для v: [a/3 - (-3*a + (-a - 1)**2)/(3*(-a*(-9*a - 9)/2 + (-a - 1)**3 + sqrt(-4*(-3*a + (-a - 1)**2)**3 + (-a*(-9*a - 9) + 2*(-a - 1)**3 + 27*c2*w/c1)**2)/2 + 27*c2*w/(2*c1))**(1/3)) - (-a*(-9*a - 9)/2 + (-a - 1)**3 + sqrt(-4*(-3*a + (-a - 1)**2)**3 + (-a*(-9*a - 9) + 2*(-a - 1)**3 + 27*c2*w/c1)**2)/2 + 27*c2*w/(2*c1))**(1/3)/3 + 1/3, a/3 - (-3*a + (-a - 1)**2)/(3*(-1/2 - sqrt(3)*I/2)*(-a*(-9*a - 9)/2 + (-a - 1)**3 + sqrt(-4*(-3*a + (-a - 1)**2)**3 + (-a*(-9*a - 9) + 2*(-a - 1)**3 + 27*c2*w/c1)**2)/2 + 27*c2*w/(2*c1))**(1/3)) - (-1/2 - sqrt(3)*I/2)*(-a*(-9*a - 9)/2 + (-a - 1)**3 + sqrt(-4*(-3*a + (-a - 1)**2)**3 + (-a*(-9*a - 9) + 2*(-a - 1)**3 + 27*c2*w/c1)**2)/2 + 27*c2*w/(2*c1))**(1/3)/3 + 1/3, a/3 - (-3*a + (-a - 1)**2)/(3*(-1/2 + sqrt(3)*I/2)*(-a*(-9*a - 9)/2 + (-a - 1)**3 + sqrt(-4*(-3*a + (-a - 1)**2)**3 + (-a*(-9*a - 9) + 2*(-a - 1)**3 + 27*c2*w/c1)**2)/2 + 27*c2*w/(2*c1))**(1/3)) - (-1/2 + sqrt(3)*I/2)*(-a*(-9*a - 9)/2 + (-a - 1)**3 + sqrt(-4*(-3*a + (-a - 1)**2)**3 + (-a*(-9*a - 9) + 2*(-a - 1)**3 + 27*c2*w/c1)**2)/2 + 27*c2*w/(2*c1))**(1/3)/3 + 1/3]
INFO:root:Аналітичне рішення для w: [v/d]
INFO:root:Final v: 0.740071 
Final w: 1.014833
INFO:root:Final v: 0.740071 
Final w: 1.014833
INFO:root:Final v: 0.740045 
Final w: 1.014870
INFO:root:Final v: 0.739791 
Final w: 1.015236
INFO:root:Final v: 0.516545 
Final w: 1.046591
INFO:root:Final v: 0.499195 
Final w: 1.051668
INFO:root:Final v: 0.549896 
Final w: 1.065258
INFO:root:Final v: 0.616523 
Final w: 1.074109
INFO:root:Final v: 0.678702 
Final w: 1.063267
INFO:root:Final v: 0.739791 
Final w: 1.015236
INFO:root:Final v: 0.806527 
Final w: 0.899264
INFO:root:Final v: 0.885790 
Final w: 0.653351
INFO:root:Final v: 0.905711 
Final w: 0.149130
INFO:root:Final v: -0.021696 
Final w: -0.092983
INFO:root:Final v: -0.179454 
Final w: -0.030265
INFO:root:dv/dt = c1*v*(a - v)*(v - 1) - c2*w
INFO:root:dw/dt = b*(-d*w + v)
INFO:root:Аналітичне рішення для v: [a/3 - (-3*a + (-a - 1)**2)/(3*(-a*(-9*a - 9)/2 + (-a - 1)**3 + sqrt(-4*(-3*a + (-a - 1)**2)**3 + (-a*(-9*a - 9) + 2*(-a - 1)**3 + 27*c2*w/c1)**2)/2 + 27*c2*w/(2*c1))**(1/3)) - (-a*(-9*a - 9)/2 + (-a - 1)**3 + sqrt(-4*(-3*a + (-a - 1)**2)**3 + (-a*(-9*a - 9) + 2*(-a - 1)**3 + 27*c2*w/c1)**2)/2 + 27*c2*w/(2*c1))**(1/3)/3 + 1/3, a/3 - (-3*a + (-a - 1)**2)/(3*(-1/2 - sqrt(3)*I/2)*(-a*(-9*a - 9)/2 + (-a - 1)**3 + sqrt(-4*(-3*a + (-a - 1)**2)**3 + (-a*(-9*a - 9) + 2*(-a - 1)**3 + 27*c2*w/c1)**2)/2 + 27*c2*w/(2*c1))**(1/3)) - (-1/2 - sqrt(3)*I/2)*(-a*(-9*a - 9)/2 + (-a - 1)**3 + sqrt(-4*(-3*a + (-a - 1)**2)**3 + (-a*(-9*a - 9) + 2*(-a - 1)**3 + 27*c2*w/c1)**2)/2 + 27*c2*w/(2*c1))**(1/3)/3 + 1/3, a/3 - (-3*a + (-a - 1)**2)/(3*(-1/2 + sqrt(3)*I/2)*(-a*(-9*a - 9)/2 + (-a - 1)**3 + sqrt(-4*(-3*a + (-a - 1)**2)**3 + (-a*(-9*a - 9) + 2*(-a - 1)**3 + 27*c2*w/c1)**2)/2 + 27*c2*w/(2*c1))**(1/3)) - (-1/2 + sqrt(3)*I/2)*(-a*(-9*a - 9)/2 + (-a - 1)**3 + sqrt(-4*(-3*a + (-a - 1)**2)**3 + (-a*(-9*a - 9) + 2*(-a - 1)**3 + 27*c2*w/c1)**2)/2 + 27*c2*w/(2*c1))**(1/3)/3 + 1/3]
INFO:root:Аналітичне рішення для w: [v/d]
INFO:root:Final v: 0.740071 
Final w: 1.014833
INFO:root:Final v: 0.740071 
Final w: 1.014833
INFO:root:Final v: 0.740045 
Final w: 1.014870
INFO:root:Final v: 0.739791 
Final w: 1.015236
INFO:root:Final v: 0.516545 
Final w: 1.046591
INFO:root:Final v: 0.499195 
Final w: 1.051668
INFO:root:Final v: 0.549896 
Final w: 1.065258
INFO:root:Final v: 0.616523 
Final w: 1.074109
INFO:root:Final v: 0.678702 
Final w: 1.063267
INFO:root:Final v: 0.739791 
Final w: 1.015236
INFO:root:Final v: 0.806527 
Final w: 0.899264
INFO:root:Final v: 0.885790 
Final w: 0.653351
INFO:root:Final v: 0.905711 
Final w: 0.149130
INFO:root:Final v: -0.021696 
Final w: -0.092983
INFO:root:Final v: -0.179454 
Final w: -0.030265
INFO:root:dv/dt = c1*v*(a - v)*(v - 1) - c2*w
INFO:root:dw/dt = b*(-d*w + v)
INFO:root:Аналітичне рішення для v: [a/3 - (-3*a + (-a - 1)**2)/(3*(-a*(-9*a - 9)/2 + (-a - 1)**3 + sqrt(-4*(-3*a + (-a - 1)**2)**3 + (-a*(-9*a - 9) + 2*(-a - 1)**3 + 27*c2*w/c1)**2)/2 + 27*c2*w/(2*c1))**(1/3)) - (-a*(-9*a - 9)/2 + (-a - 1)**3 + sqrt(-4*(-3*a + (-a - 1)**2)**3 + (-a*(-9*a - 9) + 2*(-a - 1)**3 + 27*c2*w/c1)**2)/2 + 27*c2*w/(2*c1))**(1/3)/3 + 1/3, a/3 - (-3*a + (-a - 1)**2)/(3*(-1/2 - sqrt(3)*I/2)*(-a*(-9*a - 9)/2 + (-a - 1)**3 + sqrt(-4*(-3*a + (-a - 1)**2)**3 + (-a*(-9*a - 9) + 2*(-a - 1)**3 + 27*c2*w/c1)**2)/2 + 27*c2*w/(2*c1))**(1/3)) - (-1/2 - sqrt(3)*I/2)*(-a*(-9*a - 9)/2 + (-a - 1)**3 + sqrt(-4*(-3*a + (-a - 1)**2)**3 + (-a*(-9*a - 9) + 2*(-a - 1)**3 + 27*c2*w/c1)**2)/2 + 27*c2*w/(2*c1))**(1/3)/3 + 1/3, a/3 - (-3*a + (-a - 1)**2)/(3*(-1/2 + sqrt(3)*I/2)*(-a*(-9*a - 9)/2 + (-a - 1)**3 + sqrt(-4*(-3*a + (-a - 1)**2)**3 + (-a*(-9*a - 9) + 2*(-a - 1)**3 + 27*c2*w/c1)**2)/2 + 27*c2*w/(2*c1))**(1/3)) - (-1/2 + sqrt(3)*I/2)*(-a*(-9*a - 9)/2 + (-a - 1)**3 + sqrt(-4*(-3*a + (-a - 1)**2)**3 + (-a*(-9*a - 9) + 2*(-a - 1)**3 + 27*c2*w/c1)**2)/2 + 27*c2*w/(2*c1))**(1/3)/3 + 1/3]
INFO:root:Аналітичне рішення для w: [v/d]
INFO:root:Final v: 0.740071 
Final w: 1.014833
INFO:root:Final v: 0.740071 
Final w: 1.014833
INFO:root:Final v: 0.740045 
Final w: 1.014870
INFO:root:Final v: 0.739791 
Final w: 1.015236
INFO:root:Final v: 0.516545 
Final w: 1.046591
INFO:root:Final v: 0.499195 
Final w: 1.051668
INFO:root:Final v: 0.549896 
Final w: 1.065258
INFO:root:Final v: 0.616523 
Final w: 1.074109
INFO:root:Final v: 0.678702 
Final w: 1.063267
INFO:root:Final v: 0.739791 
Final w: 1.015236
INFO:root:Final v: 0.806527 
Final w: 0.899264
INFO:root:Final v: 0.885790 
Final w: 0.653351
INFO:root:Final v: 0.905711 
Final w: 0.149130
INFO:root:Final v: -0.021696 
Final w: -0.092983
INFO:root:Final v: -0.179454 
Final w: -0.030265
INFO:root:dv/dt = c1*v*(a - v)*(v - 1) - c2*w
INFO:root:dw/dt = b*(-d*w + v)
INFO:root:Аналітичне рішення для v: [a/3 - (-3*a + (-a - 1)**2)/(3*(-a*(-9*a - 9)/2 + (-a - 1)**3 + sqrt(-4*(-3*a + (-a - 1)**2)**3 + (-a*(-9*a - 9) + 2*(-a - 1)**3 + 27*c2*w/c1)**2)/2 + 27*c2*w/(2*c1))**(1/3)) - (-a*(-9*a - 9)/2 + (-a - 1)**3 + sqrt(-4*(-3*a + (-a - 1)**2)**3 + (-a*(-9*a - 9) + 2*(-a - 1)**3 + 27*c2*w/c1)**2)/2 + 27*c2*w/(2*c1))**(1/3)/3 + 1/3, a/3 - (-3*a + (-a - 1)**2)/(3*(-1/2 - sqrt(3)*I/2)*(-a*(-9*a - 9)/2 + (-a - 1)**3 + sqrt(-4*(-3*a + (-a - 1)**2)**3 + (-a*(-9*a - 9) + 2*(-a - 1)**3 + 27*c2*w/c1)**2)/2 + 27*c2*w/(2*c1))**(1/3)) - (-1/2 - sqrt(3)*I/2)*(-a*(-9*a - 9)/2 + (-a - 1)**3 + sqrt(-4*(-3*a + (-a - 1)**2)**3 + (-a*(-9*a - 9) + 2*(-a - 1)**3 + 27*c2*w/c1)**2)/2 + 27*c2*w/(2*c1))**(1/3)/3 + 1/3, a/3 - (-3*a + (-a - 1)**2)/(3*(-1/2 + sqrt(3)*I/2)*(-a*(-9*a - 9)/2 + (-a - 1)**3 + sqrt(-4*(-3*a + (-a - 1)**2)**3 + (-a*(-9*a - 9) + 2*(-a - 1)**3 + 27*c2*w/c1)**2)/2 + 27*c2*w/(2*c1))**(1/3)) - (-1/2 + sqrt(3)*I/2)*(-a*(-9*a - 9)/2 + (-a - 1)**3 + sqrt(-4*(-3*a + (-a - 1)**2)**3 + (-a*(-9*a - 9) + 2*(-a - 1)**3 + 27*c2*w/c1)**2)/2 + 27*c2*w/(2*c1))**(1/3)/3 + 1/3]
INFO:root:Аналітичне рішення для w: [v/d]
INFO:root:Final v: 0.740071 
Final w: 1.014833
INFO:root:Final v: 0.740071 
Final w: 1.014833
INFO:root:Final v: 0.740045 
Final w: 1.014870
INFO:root:Final v: 0.739791 
Final w: 1.015236
INFO:root:Final v: 0.516545 
Final w: 1.046591
INFO:root:Final v: 0.499195 
Final w: 1.051668
INFO:root:Final v: 0.549896 
Final w: 1.065258
INFO:root:Final v: 0.616523 
Final w: 1.074109
INFO:root:Final v: 0.678702 
Final w: 1.063267
INFO:root:Final v: 0.739791 
Final w: 1.015236
INFO:root:Final v: 0.806527 
Final w: 0.899264
INFO:root:Final v: 0.885790 
Final w: 0.653351
INFO:root:Final v: 0.905711 
Final w: 0.149130
INFO:root:Final v: -0.021696 
Final w: -0.092983
INFO:root:Final v: -0.179454 
Final w: -0.030265
INFO:root:dv/dt = c1*v*(a - v)*(v - 1) - c2*w
INFO:root:dw/dt = b*(-d*w + v)
INFO:root:Аналітичне рішення для v: [a/3 - (-3*a + (-a - 1)**2)/(3*(-a*(-9*a - 9)/2 + (-a - 1)**3 + sqrt(-4*(-3*a + (-a - 1)**2)**3 + (-a*(-9*a - 9) + 2*(-a - 1)**3 + 27*c2*w/c1)**2)/2 + 27*c2*w/(2*c1))**(1/3)) - (-a*(-9*a - 9)/2 + (-a - 1)**3 + sqrt(-4*(-3*a + (-a - 1)**2)**3 + (-a*(-9*a - 9) + 2*(-a - 1)**3 + 27*c2*w/c1)**2)/2 + 27*c2*w/(2*c1))**(1/3)/3 + 1/3, a/3 - (-3*a + (-a - 1)**2)/(3*(-1/2 - sqrt(3)*I/2)*(-a*(-9*a - 9)/2 + (-a - 1)**3 + sqrt(-4*(-3*a + (-a - 1)**2)**3 + (-a*(-9*a - 9) + 2*(-a - 1)**3 + 27*c2*w/c1)**2)/2 + 27*c2*w/(2*c1))**(1/3)) - (-1/2 - sqrt(3)*I/2)*(-a*(-9*a - 9)/2 + (-a - 1)**3 + sqrt(-4*(-3*a + (-a - 1)**2)**3 + (-a*(-9*a - 9) + 2*(-a - 1)**3 + 27*c2*w/c1)**2)/2 + 27*c2*w/(2*c1))**(1/3)/3 + 1/3, a/3 - (-3*a + (-a - 1)**2)/(3*(-1/2 + sqrt(3)*I/2)*(-a*(-9*a - 9)/2 + (-a - 1)**3 + sqrt(-4*(-3*a + (-a - 1)**2)**3 + (-a*(-9*a - 9) + 2*(-a - 1)**3 + 27*c2*w/c1)**2)/2 + 27*c2*w/(2*c1))**(1/3)) - (-1/2 + sqrt(3)*I/2)*(-a*(-9*a - 9)/2 + (-a - 1)**3 + sqrt(-4*(-3*a + (-a - 1)**2)**3 + (-a*(-9*a - 9) + 2*(-a - 1)**3 + 27*c2*w/c1)**2)/2 + 27*c2*w/(2*c1))**(1/3)/3 + 1/3]
INFO:root:Аналітичне рішення для w: [v/d]
INFO:root:Final v: 0.740071 
Final w: 1.014833
INFO:root:Final v: 0.740071 
Final w: 1.014833
INFO:root:Final v: 0.740045 
Final w: 1.014870
INFO:root:Final v: 0.739791 
Final w: 1.015236
INFO:root:Final v: 0.516545 
Final w: 1.046591
INFO:root:Final v: 0.499195 
Final w: 1.051668
INFO:root:Final v: 0.549896 
Final w: 1.065258
INFO:root:Final v: 0.616523 
Final w: 1.074109
INFO:root:Final v: 0.678702 
Final w: 1.063267
INFO:root:Final v: 0.739791 
Final w: 1.015236
INFO:root:Final v: 0.806527 
Final w: 0.899264
INFO:root:Final v: 0.885790 
Final w: 0.653351
INFO:root:Final v: 0.905711 
Final w: 0.149130
INFO:root:Final v: -0.021696 
Final w: -0.092983
INFO:root:Final v: -0.179454 
Final w: -0.030265
INFO:root:dv/dt = c1*v*(a - v)*(v - 1) - c2*w
INFO:root:dw/dt = b*(-d*w + v)
INFO:root:Аналітичне рішення для v: [a/3 - (-3*a + (-a - 1)**2)/(3*(-a*(-9*a - 9)/2 + (-a - 1)**3 + sqrt(-4*(-3*a + (-a - 1)**2)**3 + (-a*(-9*a - 9) + 2*(-a - 1)**3 + 27*c2*w/c1)**2)/2 + 27*c2*w/(2*c1))**(1/3)) - (-a*(-9*a - 9)/2 + (-a - 1)**3 + sqrt(-4*(-3*a + (-a - 1)**2)**3 + (-a*(-9*a - 9) + 2*(-a - 1)**3 + 27*c2*w/c1)**2)/2 + 27*c2*w/(2*c1))**(1/3)/3 + 1/3, a/3 - (-3*a + (-a - 1)**2)/(3*(-1/2 - sqrt(3)*I/2)*(-a*(-9*a - 9)/2 + (-a - 1)**3 + sqrt(-4*(-3*a + (-a - 1)**2)**3 + (-a*(-9*a - 9) + 2*(-a - 1)**3 + 27*c2*w/c1)**2)/2 + 27*c2*w/(2*c1))**(1/3)) - (-1/2 - sqrt(3)*I/2)*(-a*(-9*a - 9)/2 + (-a - 1)**3 + sqrt(-4*(-3*a + (-a - 1)**2)**3 + (-a*(-9*a - 9) + 2*(-a - 1)**3 + 27*c2*w/c1)**2)/2 + 27*c2*w/(2*c1))**(1/3)/3 + 1/3, a/3 - (-3*a + (-a - 1)**2)/(3*(-1/2 + sqrt(3)*I/2)*(-a*(-9*a - 9)/2 + (-a - 1)**3 + sqrt(-4*(-3*a + (-a - 1)**2)**3 + (-a*(-9*a - 9) + 2*(-a - 1)**3 + 27*c2*w/c1)**2)/2 + 27*c2*w/(2*c1))**(1/3)) - (-1/2 + sqrt(3)*I/2)*(-a*(-9*a - 9)/2 + (-a - 1)**3 + sqrt(-4*(-3*a + (-a - 1)**2)**3 + (-a*(-9*a - 9) + 2*(-a - 1)**3 + 27*c2*w/c1)**2)/2 + 27*c2*w/(2*c1))**(1/3)/3 + 1/3]
INFO:root:Аналітичне рішення для w: [v/d]
INFO:root:Final v: -0.053368 
Final w: -0.096352
INFO:root:Final v: -0.053368 
Final w: -0.096352
INFO:root:Final v: -0.053316 
Final w: -0.096357
INFO:root:Final v: -0.052794 
Final w: -0.096407
INFO:root:Final v: 0.516545 
Final w: 1.046591
INFO:root:Final v: 0.499195 
Final w: 1.051668
INFO:root:Final v: 0.549896 
Final w: 1.065258
INFO:root:Final v: 0.616523 
Final w: 1.074109
INFO:root:Final v: 0.678702 
Final w: 1.063267
INFO:root:Final v: 0.739791 
Final w: 1.015236
INFO:root:Final v: 0.806527 
Final w: 0.899264
INFO:root:Final v: 0.885790 
Final w: 0.653351
INFO:root:Final v: 0.905711 
Final w: 0.149130
INFO:root:Final v: -0.021696 
Final w: -0.092983
INFO:root:Final v: -0.179454 
Final w: -0.030265
INFO:root:dv/dt = c1*v*(a - v)*(v - 1) - c2*w
INFO:root:dw/dt = b*(-d*w + v)
INFO:root:Аналітичне рішення для v: [a/3 - (-3*a + (-a - 1)**2)/(3*(-a*(-9*a - 9)/2 + (-a - 1)**3 + sqrt(-4*(-3*a + (-a - 1)**2)**3 + (-a*(-9*a - 9) + 2*(-a - 1)**3 + 27*c2*w/c1)**2)/2 + 27*c2*w/(2*c1))**(1/3)) - (-a*(-9*a - 9)/2 + (-a - 1)**3 + sqrt(-4*(-3*a + (-a - 1)**2)**3 + (-a*(-9*a - 9) + 2*(-a - 1)**3 + 27*c2*w/c1)**2)/2 + 27*c2*w/(2*c1))**(1/3)/3 + 1/3, a/3 - (-3*a + (-a - 1)**2)/(3*(-1/2 - sqrt(3)*I/2)*(-a*(-9*a - 9)/2 + (-a - 1)**3 + sqrt(-4*(-3*a + (-a - 1)**2)**3 + (-a*(-9*a - 9) + 2*(-a - 1)**3 + 27*c2*w/c1)**2)/2 + 27*c2*w/(2*c1))**(1/3)) - (-1/2 - sqrt(3)*I/2)*(-a*(-9*a - 9)/2 + (-a - 1)**3 + sqrt(-4*(-3*a + (-a - 1)**2)**3 + (-a*(-9*a - 9) + 2*(-a - 1)**3 + 27*c2*w/c1)**2)/2 + 27*c2*w/(2*c1))**(1/3)/3 + 1/3, a/3 - (-3*a + (-a - 1)**2)/(3*(-1/2 + sqrt(3)*I/2)*(-a*(-9*a - 9)/2 + (-a - 1)**3 + sqrt(-4*(-3*a + (-a - 1)**2)**3 + (-a*(-9*a - 9) + 2*(-a - 1)**3 + 27*c2*w/c1)**2)/2 + 27*c2*w/(2*c1))**(1/3)) - (-1/2 + sqrt(3)*I/2)*(-a*(-9*a - 9)/2 + (-a - 1)**3 + sqrt(-4*(-3*a + (-a - 1)**2)**3 + (-a*(-9*a - 9) + 2*(-a - 1)**3 + 27*c2*w/c1)**2)/2 + 27*c2*w/(2*c1))**(1/3)/3 + 1/3]
INFO:root:Аналітичне рішення для w: [v/d]
INFO:root:Final v: 0.740071 
Final w: 1.014833
INFO:root:Final v: 0.740071 
Final w: 1.014833
INFO:root:Final v: 0.740045 
Final w: 1.014870
INFO:root:Final v: 0.739791 
Final w: 1.015236
INFO:root:Final v: 0.516545 
Final w: 1.046591
INFO:root:Final v: 0.499195 
Final w: 1.051668
INFO:root:Final v: 0.549896 
Final w: 1.065258
INFO:root:Final v: 0.616523 
Final w: 1.074109
INFO:root:Final v: 0.678702 
Final w: 1.063267
INFO:root:Final v: 0.739791 
Final w: 1.015236
INFO:root:Final v: 0.806527 
Final w: 0.899264
INFO:root:Final v: 0.885790 
Final w: 0.653351
INFO:root:Final v: 0.905711 
Final w: 0.149130
INFO:root:Final v: -0.021696 
Final w: -0.092983
INFO:root:Final v: -0.179454 
Final w: -0.030265
INFO:root:dv/dt = c1*v*(a - v)*(v - 1) - c2*w
INFO:root:dw/dt = b*(-d*w + v)
INFO:root:Аналітичне рішення для v: [a/3 - (-3*a + (-a - 1)**2)/(3*(-a*(-9*a - 9)/2 + (-a - 1)**3 + sqrt(-4*(-3*a + (-a - 1)**2)**3 + (-a*(-9*a - 9) + 2*(-a - 1)**3 + 27*c2*w/c1)**2)/2 + 27*c2*w/(2*c1))**(1/3)) - (-a*(-9*a - 9)/2 + (-a - 1)**3 + sqrt(-4*(-3*a + (-a - 1)**2)**3 + (-a*(-9*a - 9) + 2*(-a - 1)**3 + 27*c2*w/c1)**2)/2 + 27*c2*w/(2*c1))**(1/3)/3 + 1/3, a/3 - (-3*a + (-a - 1)**2)/(3*(-1/2 - sqrt(3)*I/2)*(-a*(-9*a - 9)/2 + (-a - 1)**3 + sqrt(-4*(-3*a + (-a - 1)**2)**3 + (-a*(-9*a - 9) + 2*(-a - 1)**3 + 27*c2*w/c1)**2)/2 + 27*c2*w/(2*c1))**(1/3)) - (-1/2 - sqrt(3)*I/2)*(-a*(-9*a - 9)/2 + (-a - 1)**3 + sqrt(-4*(-3*a + (-a - 1)**2)**3 + (-a*(-9*a - 9) + 2*(-a - 1)**3 + 27*c2*w/c1)**2)/2 + 27*c2*w/(2*c1))**(1/3)/3 + 1/3, a/3 - (-3*a + (-a - 1)**2)/(3*(-1/2 + sqrt(3)*I/2)*(-a*(-9*a - 9)/2 + (-a - 1)**3 + sqrt(-4*(-3*a + (-a - 1)**2)**3 + (-a*(-9*a - 9) + 2*(-a - 1)**3 + 27*c2*w/c1)**2)/2 + 27*c2*w/(2*c1))**(1/3)) - (-1/2 + sqrt(3)*I/2)*(-a*(-9*a - 9)/2 + (-a - 1)**3 + sqrt(-4*(-3*a + (-a - 1)**2)**3 + (-a*(-9*a - 9) + 2*(-a - 1)**3 + 27*c2*w/c1)**2)/2 + 27*c2*w/(2*c1))**(1/3)/3 + 1/3]
INFO:root:Аналітичне рішення для w: [v/d]
INFO:root:Final v: 0.740071 
Final w: 1.014833
INFO:root:Final v: 0.740071 
Final w: 1.014833
INFO:root:Final v: 0.740045 
Final w: 1.014870
INFO:root:Final v: 0.739791 
Final w: 1.015236
INFO:root:Final v: 0.516545 
Final w: 1.046591
INFO:root:Final v: 0.499195 
Final w: 1.051668
INFO:root:Final v: 0.549896 
Final w: 1.065258
INFO:root:Final v: 0.616523 
Final w: 1.074109
INFO:root:Final v: 0.678702 
Final w: 1.063267
INFO:root:Final v: 0.739791 
Final w: 1.015236
INFO:root:Final v: 0.806527 
Final w: 0.899264
INFO:root:Final v: 0.885790 
Final w: 0.653351
INFO:root:Final v: 0.905711 
Final w: 0.149130
INFO:root:Final v: -0.021696 
Final w: -0.092983
INFO:root:Final v: -0.179454 
Final w: -0.030265
